2024-01-29 13:33:56,422 - INFO - Starting API...
2024-01-29 13:34:09,499 - INFO - Starting API...
2024-01-29 13:34:15,398 - INFO - Starting API...
2024-01-29 13:35:12,565 - INFO - Starting API...
2024-01-29 13:59:28,357 - Starting API...
2024-01-29 14:02:29,507 - INFO- main.py - Starting API...
2024-01-29 14:03:12,208 - INFO- main.py - Starting API...
2024-01-29 14:04:51,509 - INFO- main.py - Starting API...
2024-01-29 14:05:04,942 - INFO- main.py - Starting index page
2024-01-29 14:05:51,915 - INFO- main.py - /home/muhammadamir/midd/main.py - Starting API...
2024-01-29 14:06:04,699 - INFO- main.py - Starting API...
2024-01-29 14:06:43,532 - INFO- <module> - Starting API...
2024-01-29 14:07:14,600 - INFO- index - Starting index page
2024-01-29 14:07:46,049 - INFO- <module> - Starting API...
2024-01-29 14:07:47,522 - INFO- index - Function
2024-01-29 14:07:58,724 - INFO- <module> - Starting API...
2024-01-29 14:07:59,966 - INFO- index - index Function
2024-01-29 15:18:26,123 - INFO- <module> - Starting API...
2024-01-29 15:18:33,898 - INFO- <module> - Starting API...
2024-01-29 15:19:08,181 - INFO - Starting API...
2024-01-29 15:22:06,258 - INFO - Starting API...
